\BOOKMARK [1][-]{section.1}{Introduction}{}% 1
\BOOKMARK [1][-]{section.2}{Environnement}{}% 2
\BOOKMARK [1][-]{section.3}{Les travaux effectu\351s et les apports du stage}{}% 3
\BOOKMARK [2][-]{subsection.3.1}{Montage du CM121}{section.3}% 4
\BOOKMARK [3][-]{subsubsection.3.1.1}{Alignement nord-sud par pointage g\351ographique}{subsection.3.1}% 5
\BOOKMARK [3][-]{subsubsection.3.1.2}{Alignement nord-sud par boussole solaire fixe}{subsection.3.1}% 6
\BOOKMARK [2][-]{subsection.3.2}{Programmation}{section.3}% 7
\BOOKMARK [3][-]{subsubsection.3.2.1}{Calendrier du CM121}{subsection.3.2}% 8
\BOOKMARK [3][-]{subsubsection.3.2.2}{Suppression des donn\351es non utilis\351es, non acquises et aberrantes}{subsection.3.2}% 9
\BOOKMARK [3][-]{subsubsection.3.2.3}{Calcul des facteurs de correction}{subsection.3.2}% 10
\BOOKMARK [3][-]{subsubsection.3.2.4}{Analyse statistique et \351talonnage}{subsection.3.2}% 11
\BOOKMARK [3][-]{subsubsection.3.2.5}{Repr\351sentation graphique de l'erreur relative}{subsection.3.2}% 12
\BOOKMARK [3][-]{subsubsection.3.2.6}{Histogramme}{subsection.3.2}% 13
\BOOKMARK [3][-]{subsubsection.3.2.7}{S\351lection des mesures entre deux intervalles}{subsection.3.2}% 14
\BOOKMARK [3][-]{subsubsection.3.2.8}{Ex\351cution de l'analyse statistique}{subsection.3.2}% 15
\BOOKMARK [3][-]{subsubsection.3.2.9}{Comparaison du CM121 avec le SPN1 et le tracker}{subsection.3.2}% 16
\BOOKMARK [3][-]{subsubsection.3.2.10}{Impact de la ventilation sur les mesures du CM121}{subsection.3.2}% 17
\BOOKMARK [2][-]{subsection.3.3}{Les apports du stage}{section.3}% 18
\BOOKMARK [1][-]{section.4}{Conclusion}{}% 19
\BOOKMARK [1][-]{section.5}{Bibliographie}{}% 20
\BOOKMARK [1][-]{section.6}{Annexes}{}% 21
